{ Using PSTWRITER 17.2.0 d001Jan-07-2023 at 17:51:12 }

#1 WARNING(ORCAP-36006): Part Name "C_4700NF_GRM21BR71A475ME51K_GRM21BR71A475ME51K_C_4.7UF" is renamed to "C_4700NF_GRM21BR71A475ME51K_GRM".
#2 WARNING(ORCAP-36006): Part Name "C_1UF_CC0603KRX5R5BB105_CC0603KRX5R5BB105_C_1UF" is renamed to "C_1UF_CC0603KRX5R5BB105_CC0603K".
#3 WARNING(ORCAP-36006): Part Name "C_100NF_C0402C104M8RAC7411_C0402C104M8RAC7411_C_100NF" is renamed to "C_100NF_C0402C104M8RAC7411_C040".
#4 WARNING(ORCAP-36006): Part Name "C_10UF_GRM21BR71A106MA73K_GRM21BR71A106MA73K_C_10UF" is renamed to "C_10UF_GRM21BR71A106MA73K_GRM21".
#5 WARNING(ORCAP-36006): Part Name "C_120PF_CL10C121JB8NNNC_CL10C121JB8NNNC_C_120PF" is renamed to "C_120PF_CL10C121JB8NNNC_CL10C12".
#6 WARNING(ORCAP-36006): Part Name "C_470NF_GRM155R61A474ME15D_GRM155R61A474ME15D_C_470NF" is renamed to "C_470NF_GRM155R61A474ME15D_GRM1".
#7 WARNING(ORCAP-36006): Part Name "C_12PF_VJ0402D120GXCAJ_HIGHQ_VJ0402D120GXCAJ_C_12PF_HIGHQ" is renamed to "C_12PF_VJ0402D120GXCAJ_HIGHQ_VJ".
#8 WARNING(ORCAP-36006): Part Name "C_1200PF_VJ0805D122KXXAJ_HIGHQ_VJ0805D122KXXAJ_C_1200PF_HIGHQ" is renamed to "C_1200PF_VJ0805D122KXXAJ_HIGHQ_".
#9 WARNING(ORCAP-36006): Part Name "C_12PF_GRM1885C1H120JA01J_GRM1885C1H120JA01J_C_12PF" is renamed to "C_12PF_GRM1885C1H120JA01J_GRM18".
#10 WARNING(ORCAP-36006): Part Name "LED_R_HLMPK150_HLMPK150_LED_R_1.7MV_1MA" is renamed to "LED_R_HLMPK150_HLMPK150_LED_R_1".
#11 WARNING(ORCAP-36006): Part Name "SCHOTTKY_BAT32LSQYL_BAT32LSQYL_SCHOTTKY_BAT32LSQYL" is renamed to "SCHOTTKY_BAT32LSQYL_BAT32LSQYL_".
#12 WARNING(ORCAP-36006): Part Name "DIODE_BAS16LD315_BAS16LD315_DIODE_BAS16LD315" is renamed to "DIODE_BAS16LD315_BAS16LD315_DIO".
#13 WARNING(ORCAP-36006): Part Name "FERRITE_BLM18HE152SN1_BLM18HE152SN1D_FERRITE_BLM18HE152SN1" is renamed to "FERRITE_BLM18HE152SN1_BLM18HE15".
#14 WARNING(ORCAP-36006): Part Name "L_15NH_IMC0603ER15NJ01_HIGHQ_IMC0603ER15NJ01_L_15NH_HIGHQ" is renamed to "L_15NH_IMC0603ER15NJ01_HIGHQ_IM".
#15 WARNING(ORCAP-36006): Part Name "L_2NH_IMC0603ER2N0S01_HIGHQ_IMC0603ER2N0S01_L_2NH_HIGHQ" is renamed to "L_2NH_IMC0603ER2N0S01_HIGHQ_IMC".
#16 WARNING(ORCAP-36006): Part Name "L_10UH_MLF1608E100MTD00_MLF1608E100MTD00_L_10UH" is renamed to "L_10UH_MLF1608E100MTD00_MLF1608".
#17 WARNING(ORCAP-36006): Part Name "L_470NH_DFE201610ER47M_DFE201610E_L_470NH" is renamed to "L_470NH_DFE201610ER47M_DFE20161".
#18 WARNING(ORCAP-36006): Part Name "NMOS_SSM3K16CTL3F_SSM3K16CT_NMOS_SSM3K16CTL3F" is renamed to "NMOS_SSM3K16CTL3F_SSM3K16CT_NMO".
#19 WARNING(ORCAP-36006): Part Name "R_3300_1%_CRCW06033K30FKEA_CRCW06033K30FKEA_R_3300_1%" is renamed to "R_3300_1%_CRCW06033K30FKEA_CRCW".
#20 WARNING(ORCAP-36006): Part Name "R_50K_1%_CRCW040250K0FKED_CRCW040250K0FKED_R_50K_1%" is renamed to "R_50K_1%_CRCW040250K0FKED_CRCW0".
#21 WARNING(ORCAP-36006): Part Name "R_100K_5%_CRCW0603100KJNEA_RT0402FRE07100KL_R_100K_5%" is renamed to "R_100K_5%_CRCW0603100KJNEA_RT04".
#22 WARNING(ORCAP-36006): Part Name "R_1K_5%_CRCW04021K00JNED_CRCW04021K00JNED_R_1K_5%" is renamed to "R_1K_5%_CRCW04021K00JNED_CRCW04".
#23 WARNING(ORCAP-36006): Part Name "R_453K_RT0603BRD07453KL_RT0603BRD07453KL_R_453K_0.1%" is renamed to "R_453K_RT0603BRD07453KL_RT0603B".
#24 WARNING(ORCAP-36006): Part Name "R_100K_1%_RT0402FRE07100KL_RT0402FRE07100KL_R_100K_1%" is renamed to "R_100K_1%_RT0402FRE07100KL_RT04".
#25 WARNING(ORCAP-36006): Part Name "R_10M_1%_MFSA1206R0100FCM_MFSA1206R0100FCM_R_10M_1%" is renamed to "R_10M_1%_MFSA1206R0100FCM_MFSA1".
#26 WARNING(ORCAP-36006): Part Name "R_5K_1%_RC0402FR075KL_RC0402FR075KL_R_5K_1%" is renamed to "R_5K_1%_RC0402FR075KL_RC0402FR0".
#27 WARNING(ORCAP-36006): Part Name "R_100K_5%_CRCW0603100KJNEA_CRCW0603100KJNEA_R_100K_5%" is renamed to "R_100K_5%_CRCW0603100KJNEA_CRCW".
#28 WARNING(ORCAP-36006): Part Name "R_1M_1%_CRCW04021M00FKEE_CRCW04021M00FKEE_R_1M_1%" is renamed to "R_1M_1%_CRCW04021M00FKEE_CRCW04".
#29 WARNING(ORCAP-36006): Part Name "R_1600_5%_CRCW08051K60JNEA_CRCW08051K60JNEA_R_1600_5%" is renamed to "R_1600_5%_CRCW08051K60JNEA_CRCW".
#30 WARNING(ORCAP-36006): Part Name "SW_SK12F17G7_SK12F17G7_SW_SK12F17G7" is renamed to "SW_SK12F17G7_SK12F17G7_SW_SK12F".
#31 WARNING(ORCAP-36006): Part Name "MICROUSB_1051640001_1051640001_MICROUSB_1051640001" is renamed to "MICROUSB_1051640001_1051640001_".
#32 WARNING(ORCAP-36006): Part Name "PIRSENSOR_EKMC1607112_EKMC1607112_PIR_EKMC1607112" is renamed to "PIRSENSOR_EKMC1607112_EKMC16071".
#33 WARNING(ORCAP-36006): Part Name "BUCK_TPS62824DMQR_TPS62824DMQR_BUCK_TPS62824DMQR" is renamed to "BUCK_TPS62824DMQR_TPS62824DMQR_".
#34 WARNING(ORCAP-36006): Part Name "BATTERYCHARGER_MCP73832T2ATIMC_MCP73832T2ATIMC_BATCHARGER_MCP73832T2ATIMC" is renamed to "BATTERYCHARGER_MCP73832T2ATIMC_".
#35 WARNING(ORCAP-36006): Part Name "CON3_22035035_22035035_CON3_22035035" is renamed to "CON3_22035035_22035035_CON3_220".
#36 WARNING(ORCAP-36006): Part Name "BATTERYGAUGE_BQ27411DRZTG1A_BQ27411DRZTG1A_BATTERYGAUGE_BQ27411DRZTG1A" is renamed to "BATTERYGAUGE_BQ27411DRZTG1A_BQ2".
#37 WARNING(ORCAP-36006): Part Name "UC_CC2640F128RHBR_FOOTPRINT_CC2640F128RHBR_UC_CC2640F128RHBR" is renamed to "UC_CC2640F128RHBR_FOOTPRINT_CC2".
#38 WARNING(ORCAP-36006): Part Name "PATCH_ANTENNA_50OHM_PATCH_ANTENNA_50OHM_PATCH_ANTENNA_50OHM" is renamed to "PATCH_ANTENNA_50OHM_PATCH_ANTEN".
#39 WARNING(ORCAP-36006): Part Name "BUZZER_AI1223TWT3V2R_AI1223TWT3V2R_BUZZER_AI1223TWT3V2R" is renamed to "BUZZER_AI1223TWT3V2R_AI1223TWT3".
#40 WARNING(ORCAP-36006): Part Name "CON10_M209720546_M209720546_CON10_M209720546" is renamed to "CON10_M209720546_M209720546_CON".
#41 WARNING(ORCAP-36006): Part Name "PUSHBUTTON_EVPBV2C3L000_EVPBV2C3L000_PUSHBUTTON_EVPBV2C3L000" is renamed to "PUSHBUTTON_EVPBV2C3L000_EVPBV2C".
#42 WARNING(ORCAP-36006): Part Name "XTAL_32768_SC32S7PF20PPM_SC32S7PF20PPM_XTAL_32768_SC32S7PF20PPM" is renamed to "XTAL_32768_SC32S7PF20PPM_SC32S7".
#43 WARNING(ORCAP-36006): Part Name "XTAL_24M_ECS240833AGNTR3_ECS240833AGNTR_XTAL_24M_ECS240833AGNTR3" is renamed to "XTAL_24M_ECS240833AGNTR3_ECS240".
INFO(ORCAP-36080): Scanning netlist files ...

Loading... C:\TEMP\MOTION_DETECTOR\allegro/pstchip.dat

Loading... C:\TEMP\MOTION_DETECTOR\allegro/pstchip.dat

Loading... C:\TEMP\MOTION_DETECTOR\allegro/pstchip.dat

Loading... C:\TEMP\MOTION_DETECTOR\allegro/pstxnet.dat
packaging the design view...