(---------------------------------------------------------------------)
(                                                                     )
(    ARTWORK LOG                                                      )
(                                                                     )
(    Drawing          : MOTION_DETECTOR.brd                           )
(    Software Version : 17.2S083                                      )
(    Date/Time        : Tue Jan 10 11:00:13 2023                      )
(                                                                     )
(---------------------------------------------------------------------)



 ******************************************
 WARNING: DRC OUT OF DATE on this layout.
 ******************************************

 ---- Photoplot outline rectangle not found; using drawing extents.



Results from parameter file ...
    DEVICE-TYPE           GERBER_RS274X
    OUTPUT-UNITS          MM
    FILM-SIZE             2400000 1600000
    FORMAT                2.5
    ABORT-ON-ERROR        NO
    SCALE                 1
    SUPPRESS-LEAD-ZEROES  YES
    SUPPRESS-TRAIL-ZEROES NO
    SUPPRESS-EQUAL        YES
    UNDEF-APT-CONT        NO



================================================================
     PROCESSING FILM < TOP >
     TO FILE < C:/Temp/Motion_Detector/allegro/TOP.art > ...
================================================================

  FILM PARAMETERS :
  ---------------------------------------------------------
  Undefined line width                0.0100
  Mirror code                         NONE
  Rotate angle                        NONE
  Offset x:                           0.0000
  Offset y:                           0.0000
  Plot negative                       NO
  Suppress unconnected internal pads  NO
  Draw holes only                     NO



  APERTURES USED:
  ---------------------------------------------------------
  TYPE       SIZE/NAME                   ROT   MIRROR MODE 
  ---------------------------------------------------------
  CIRCLE     0.01000                                  DARK 
  CIRCLE     0.20000                                  DARK 
  CIRCLE     0.25000                                  DARK 
  CIRCLE     0.50000                                  DARK 
  CIRCLE     0.60000                                  DARK 
  CIRCLE     0.65000                                  DARK 
  CIRCLE     1.00000                                  DARK 
  CIRCLE     1.05000                                  DARK 
  CIRCLE     1.19990                                  DARK 
  CIRCLE     1.47000                                  DARK 
  CIRCLE     1.50010                                  DARK 
  SQUARE     0.50010                     0.000 NO     DARK 
  SQUARE     0.59990                     0.000 NO     DARK 
  SQUARE     0.62000                     0.000 NO     DARK 
  SQUARE     0.70000                     0.000 NO     DARK 
  RECTANGLE  0.22000     x 0.35000       0.000 NO     DARK 
  RECTANGLE  0.22000     x 0.35000      90.000 NO     DARK 
  RECTANGLE  0.30000     x 0.75010      90.000 NO     DARK 
  RECTANGLE  0.40000     x 0.50010      90.000 NO     DARK 
  RECTANGLE  0.45010     x 1.38000       0.000 NO     DARK 
  RECTANGLE  0.50010     x 0.59990       0.000 NO     DARK 
  RECTANGLE  0.50010     x 0.59990      90.000 NO     DARK 
  RECTANGLE  0.50010     x 0.70000       0.000 NO     DARK 
  RECTANGLE  0.59990     x 0.35000       0.000 NO     DARK 
  RECTANGLE  0.59990     x 0.35000      90.000 NO     DARK 
  RECTANGLE  0.59990     x 0.80010       0.000 NO     DARK 
  RECTANGLE  0.64010     x 1.02010       0.000 NO     DARK 
  RECTANGLE  0.65000     x 0.70000      90.000 NO     DARK 
  RECTANGLE  0.80010     x 1.80010       0.000 NO     DARK 
  RECTANGLE  0.87500     x 1.89990       0.000 NO     DARK 
  RECTANGLE  0.89990     x 0.50010      90.000 NO     DARK 
  RECTANGLE  0.89990     x 0.80010       0.000 NO     DARK 
  RECTANGLE  0.89990     x 0.80010      90.000 NO     DARK 
  RECTANGLE  0.95000     x 0.95000       0.000 NO     DARK 
  RECTANGLE  0.95000     x 0.95000      90.000 NO     DARK 
  RECTANGLE  0.95000     x 1.45010       0.000 NO     DARK 
  RECTANGLE  0.95000     x 1.45010      90.000 NO     DARK 
  RECTANGLE  1.00000     x 1.19990       0.000 NO     DARK 
  RECTANGLE  1.00000     x 1.80010      90.000 NO     DARK 
  RECTANGLE  1.10010     x 1.24990       0.000 NO     DARK 
  RECTANGLE  1.10010     x 1.24990      90.000 NO     DARK 
  RECTANGLE  1.30000     x 1.10010       0.000 NO     DARK 
  RECTANGLE  1.42490     x 1.54990       0.000 NO     DARK 
  RECTANGLE  1.45010     x 1.75010      90.000 NO     DARK 
  RECTANGLE  1.54990     x 1.80010      90.000 NO     DARK 
  RECTANGLE  2.75010     x 1.00000       0.000 NO     DARK 
  OBLONG     2.10010     x 1.40000      90.000 NO     DARK 
  PAD SHAPE  ROUNDED_RECTANGLE ,500.00  90.000 NO     DARK 
  PAD SHAPE  ROUNDED_RECTANGLE ,500.00  90.000 NO     DARK 
  PAD SHAPE  ROUNDED_RECTANGLE ,500.00  90.000 NO     DARK 
  PAD SHAPE  BQ27411DRZTG1A_THERMALPAD 180.000 NO     DARK 
  PAD SHAPE  ROUNDED_RECTANGLE ,500.00 180.000 NO     DARK 
  PAD SHAPE  ROUNDED_RECTANGLE ,500.00 180.000 NO     DARK 

     TOP created with warnings


================================================================
     PROCESSING FILM < BOTTOM >
     TO FILE < C:/Temp/Motion_Detector/allegro/BOTTOM.art > ...
================================================================

  FILM PARAMETERS :
  ---------------------------------------------------------
  Undefined line width                0.0100
  Mirror code                         NONE
  Rotate angle                        NONE
  Offset x:                           0.0000
  Offset y:                           0.0000
  Plot negative                       NO
  Suppress unconnected internal pads  NO
  Draw holes only                     NO



  APERTURES USED:
  ---------------------------------------------------------
  TYPE       SIZE/NAME                   ROT   MIRROR MODE 
  ---------------------------------------------------------
  CIRCLE     0.01000                                  DARK 
  CIRCLE     0.20000                                  DARK 
  CIRCLE     0.25000                                  DARK 
  CIRCLE     0.60000                                  DARK 
  CIRCLE     0.65000                                  DARK 
  CIRCLE     1.00000                                  DARK 
  CIRCLE     1.05000                                  DARK 
  CIRCLE     1.19990                                  DARK 
  CIRCLE     1.47000                                  DARK 
  CIRCLE     1.50010                                  DARK 
  OBLONG     2.10010     x 1.40000      90.000 NO     DARK 

     BOTTOM created with warnings


================================================================
     PROCESSING FILM < OUTLINE >
     TO FILE < C:/Temp/Motion_Detector/allegro/OUTLINE.art > ...
================================================================

  FILM PARAMETERS :
  ---------------------------------------------------------
  Undefined line width                0.0100
  Mirror code                         NONE
  Rotate angle                        NONE
  Offset x:                           0.0000
  Offset y:                           0.0000
  Plot negative                       NO
  Suppress unconnected internal pads  NO
  Draw holes only                     NO



  APERTURES USED:
  ---------------------------------------------------------
  TYPE       SIZE/NAME                   ROT   MIRROR MODE 
  ---------------------------------------------------------
  CIRCLE     0.01000                                  DARK 

     OUTLINE created with warnings


================================================================
     PROCESSING FILM < SOLDERMASK_TOP >
     TO FILE < C:/Temp/Motion_Detector/allegro/SOLDERMASK_TOP.art > ...
================================================================

  FILM PARAMETERS :
  ---------------------------------------------------------
  Undefined line width                0.0100
  Mirror code                         NONE
  Rotate angle                        NONE
  Offset x:                           0.0000
  Offset y:                           0.0000
  Plot negative                       NO
  Suppress unconnected internal pads  NO
  Draw holes only                     NO



  APERTURES USED:
  ---------------------------------------------------------
  TYPE       SIZE/NAME                   ROT   MIRROR MODE 
  ---------------------------------------------------------
  CIRCLE     0.01000                                  DARK 
  SQUARE     0.67010                     0.000 NO     DARK 
  SQUARE     0.69010                     0.000 NO     DARK 
  SQUARE     0.76990                     0.000 NO     DARK 
  RECTANGLE  0.29010     x 0.42010       0.000 NO     DARK 
  RECTANGLE  0.29010     x 0.42010      90.000 NO     DARK 
  RECTANGLE  0.40000     x 1.45010      90.000 NO     DARK 
  RECTANGLE  0.46990     x 0.57000      90.000 NO     DARK 
  RECTANGLE  0.51990     x 1.45010       0.000 NO     DARK 
  RECTANGLE  0.57000     x 0.67010       0.000 NO     DARK 
  RECTANGLE  0.57000     x 0.67010      90.000 NO     DARK 
  RECTANGLE  0.59990     x 0.80010       0.000 NO     DARK 
  RECTANGLE  0.67010     x 0.42010       0.000 NO     DARK 
  RECTANGLE  0.67010     x 0.42010      90.000 NO     DARK 
  RECTANGLE  0.67010     x 0.86990       0.000 NO     DARK 
  RECTANGLE  0.70990     x 1.08990       0.000 NO     DARK 
  RECTANGLE  0.72010     x 0.76990      90.000 NO     DARK 
  RECTANGLE  0.86990     x 1.86990       0.000 NO     DARK 
  RECTANGLE  0.94490     x 1.97000       0.000 NO     DARK 
  RECTANGLE  0.97000     x 0.86990       0.000 NO     DARK 
  RECTANGLE  0.97000     x 0.86990      90.000 NO     DARK 
  RECTANGLE  1.02010     x 1.02010       0.000 NO     DARK 
  RECTANGLE  1.02010     x 1.02010      90.000 NO     DARK 
  RECTANGLE  1.02010     x 1.51990       0.000 NO     DARK 
  RECTANGLE  1.02010     x 1.51990      90.000 NO     DARK 
  RECTANGLE  1.07010     x 1.27000       0.000 NO     DARK 
  RECTANGLE  1.07010     x 1.86990      90.000 NO     DARK 
  RECTANGLE  1.16990     x 1.32000       0.000 NO     DARK 
  RECTANGLE  1.16990     x 1.32000      90.000 NO     DARK 
  RECTANGLE  1.37010     x 1.16990       0.000 NO     DARK 
  RECTANGLE  1.49500     x 1.62000       0.000 NO     DARK 
  RECTANGLE  1.51990     x 1.81990      90.000 NO     DARK 
  RECTANGLE  1.62000     x 1.86990      90.000 NO     DARK 
  RECTANGLE  2.81990     x 1.07010       0.000 NO     DARK 
  OBLONG     2.16990     x 1.46990      90.000 NO     DARK 
  FLASH SYM  BQ27411DRZTG1A_THERMALPAD 180.000 NO     DARK 
  PAD SHAPE  ROUNDED_RECTANGLE ,500.00  90.000 NO     DARK 
  PAD SHAPE  ROUNDED_RECTANGLE ,500.00  90.000 NO     DARK 
  PAD SHAPE  ROUNDED_RECTANGLE ,500.00  90.000 NO     DARK 
  PAD SHAPE  ROUNDED_RECTANGLE ,500.00 180.000 NO     DARK 
  PAD SHAPE  ROUNDED_RECTANGLE ,500.00 180.000 NO     DARK 

     SOLDERMASK_TOP created with warnings


================================================================
     PROCESSING FILM < SOLDERMASK_BOTTOM >
     TO FILE < C:/Temp/Motion_Detector/allegro/SOLDERMASK_BOTTOM.art > ...
================================================================

  FILM PARAMETERS :
  ---------------------------------------------------------
  Undefined line width                0.0100
  Mirror code                         NONE
  Rotate angle                        NONE
  Offset x:                           0.0000
  Offset y:                           0.0000
  Plot negative                       NO
  Suppress unconnected internal pads  NO
  Draw holes only                     NO



  APERTURES USED:
  ---------------------------------------------------------
  TYPE       SIZE/NAME                   ROT   MIRROR MODE 
  ---------------------------------------------------------
  CIRCLE     0.01000                                  DARK 

     SOLDERMASK_BOTTOM created with warnings


================================================================
     PROCESSING FILM < SILK_TOP >
     TO FILE < C:/Temp/Motion_Detector/allegro/SILK_TOP.art > ...
================================================================

  FILM PARAMETERS :
  ---------------------------------------------------------
  Undefined line width                0.0100
  Mirror code                         NONE
  Rotate angle                        NONE
  Offset x:                           0.0000
  Offset y:                           0.0000
  Plot negative                       NO
  Suppress unconnected internal pads  NO
  Draw holes only                     NO

    WARNING: text composed 0 width line found at (10.8870 75.5490)
           ... using undefined line width of 0.0100

    WARNING: text having Multiple 0 width lines; all will be treated the same as the first.
           ... using undefined line width of 0.0100

    WARNING: 0 width line found at (24.1050 20.1750)
           ... using undefined line width of 0.0100

    WARNING: Multiple 0 width lines; all will be treated the same as the first.
           ... using undefined line width of 0.0100



  APERTURES USED:
  ---------------------------------------------------------
  TYPE       SIZE/NAME                   ROT   MIRROR MODE 
  ---------------------------------------------------------
  CIRCLE     0.01000                                  DARK 

     SILK_TOP created with warnings


================================================================
     PROCESSING FILM < SILK_BOTTOM >
     TO FILE < C:/Temp/Motion_Detector/allegro/SILK_BOTTOM.art > ...
================================================================

  FILM PARAMETERS :
  ---------------------------------------------------------
  Undefined line width                0.0100
  Mirror code                         NONE
  Rotate angle                        NONE
  Offset x:                           0.0000
  Offset y:                           0.0000
  Plot negative                       NO
  Suppress unconnected internal pads  NO
  Draw holes only                     NO



  APERTURES USED:
  ---------------------------------------------------------
  TYPE       SIZE/NAME                   ROT   MIRROR MODE 
  ---------------------------------------------------------
  CIRCLE     0.01000                                  DARK 

     SILK_BOTTOM created with warnings


================================================================
     PROCESSING FILM < PASTEMASK_TOP >
     TO FILE < C:/Temp/Motion_Detector/allegro/PASTEMASK_TOP.art > ...
================================================================

  FILM PARAMETERS :
  ---------------------------------------------------------
  Undefined line width                0.0100
  Mirror code                         NONE
  Rotate angle                        NONE
  Offset x:                           0.0000
  Offset y:                           0.0000
  Plot negative                       NO
  Suppress unconnected internal pads  NO
  Draw holes only                     NO



  APERTURES USED:
  ---------------------------------------------------------
  TYPE       SIZE/NAME                   ROT   MIRROR MODE 
  ---------------------------------------------------------
  CIRCLE     0.01000                                  DARK 
  SQUARE     0.50010                     0.000 NO     DARK 
  SQUARE     0.51990                     0.000 NO     DARK 
  SQUARE     0.59990                     0.000 NO     DARK 
  RECTANGLE  0.11990     x 0.24990       0.000 NO     DARK 
  RECTANGLE  0.11990     x 0.24990      90.000 NO     DARK 
  RECTANGLE  0.19990     x 0.65000      90.000 NO     DARK 
  RECTANGLE  0.30000     x 0.40000      90.000 NO     DARK 
  RECTANGLE  0.30000     x 0.59990       0.000 NO     DARK 
  RECTANGLE  0.35000     x 1.27990       0.000 NO     DARK 
  RECTANGLE  0.40000     x 0.50010       0.000 NO     DARK 
  RECTANGLE  0.40000     x 0.50010      90.000 NO     DARK 
  RECTANGLE  0.50010     x 0.24990       0.000 NO     DARK 
  RECTANGLE  0.50010     x 0.24990      90.000 NO     DARK 
  RECTANGLE  0.50010     x 0.70000       0.000 NO     DARK 
  RECTANGLE  0.54000     x 0.92000       0.000 NO     DARK 
  RECTANGLE  0.54990     x 0.59990      90.000 NO     DARK 
  RECTANGLE  0.70000     x 1.70000       0.000 NO     DARK 
  RECTANGLE  0.77500     x 1.80010       0.000 NO     DARK 
  RECTANGLE  0.80010     x 0.70000       0.000 NO     DARK 
  RECTANGLE  0.80010     x 0.70000      90.000 NO     DARK 
  RECTANGLE  0.84990     x 0.84990       0.000 NO     DARK 
  RECTANGLE  0.84990     x 0.84990      90.000 NO     DARK 
  RECTANGLE  0.84990     x 1.35000       0.000 NO     DARK 
  RECTANGLE  0.84990     x 1.35000      90.000 NO     DARK 
  RECTANGLE  0.89990     x 1.10010       0.000 NO     DARK 
  RECTANGLE  0.89990     x 1.70000      90.000 NO     DARK 
  RECTANGLE  1.00000     x 1.15010       0.000 NO     DARK 
  RECTANGLE  1.00000     x 1.15010      90.000 NO     DARK 
  RECTANGLE  1.19990     x 1.00000       0.000 NO     DARK 
  RECTANGLE  1.32510     x 1.45010       0.000 NO     DARK 
  RECTANGLE  1.45010     x 1.70000      90.000 NO     DARK 
  RECTANGLE  2.65000     x 0.89990       0.000 NO     DARK 
  OBLONG     2.00000     x 1.30000      90.000 NO     DARK 
  FLASH SYM  STENCIL_THERMALPAD_SQUARE  90.000 NO     DARK 
  FLASH SYM  STENCIL_THERMALPAD_0D575_  90.000 NO     DARK 
  FLASH SYM  BQ27411DRZTG1A_THERMALPAD 180.000 NO     DARK 
  PAD SHAPE  ROUNDED_RECTANGLE ,500.00  90.000 NO     DARK 
  PAD SHAPE  ROUNDED_RECTANGLE ,500.00  90.000 NO     DARK 
  PAD SHAPE  ROUNDED_RECTANGLE ,500.00 180.000 NO     DARK 
  PAD SHAPE  ROUNDED_RECTANGLE ,500.00 180.000 NO     DARK 

     PASTEMASK_TOP created with warnings


================================================================
     PROCESSING FILM < PASTEMASK_BOTTOM >
     TO FILE < C:/Temp/Motion_Detector/allegro/PASTEMASK_BOTTOM.art > ...
================================================================

  FILM PARAMETERS :
  ---------------------------------------------------------
  Undefined line width                0.0100
  Mirror code                         NONE
  Rotate angle                        NONE
  Offset x:                           0.0000
  Offset y:                           0.0000
  Plot negative                       NO
  Suppress unconnected internal pads  NO
  Draw holes only                     NO



  APERTURES USED:
  ---------------------------------------------------------
  TYPE       SIZE/NAME                   ROT   MIRROR MODE 
  ---------------------------------------------------------
  CIRCLE     0.01000                                  DARK 

     PASTEMASK_BOTTOM created with warnings


================================================================
     PROCESSING FILM < FILMMASK_TOP >
     TO FILE < C:/Temp/Motion_Detector/allegro/FILMMASK_TOP.art > ...
================================================================

  FILM PARAMETERS :
  ---------------------------------------------------------
  Undefined line width                0.0100
  Mirror code                         NONE
  Rotate angle                        NONE
  Offset x:                           0.0000
  Offset y:                           0.0000
  Plot negative                       NO
  Suppress unconnected internal pads  NO
  Draw holes only                     NO



  APERTURES USED:
  ---------------------------------------------------------
  TYPE       SIZE/NAME                   ROT   MIRROR MODE 
  ---------------------------------------------------------
  CIRCLE     0.01000                                  DARK 
  SQUARE     0.59990                     0.000 NO     DARK 
  SQUARE     0.62000                     0.000 NO     DARK 
  SQUARE     0.70000                     0.000 NO     DARK 
  RECTANGLE  0.22000     x 0.35000       0.000 NO     DARK 
  RECTANGLE  0.22000     x 0.35000      90.000 NO     DARK 
  RECTANGLE  0.30000     x 0.75010      90.000 NO     DARK 
  RECTANGLE  0.40000     x 0.50010      90.000 NO     DARK 
  RECTANGLE  0.45010     x 1.38000       0.000 NO     DARK 
  RECTANGLE  0.50010     x 0.59990       0.000 NO     DARK 
  RECTANGLE  0.50010     x 0.59990      90.000 NO     DARK 
  RECTANGLE  0.50010     x 0.70000       0.000 NO     DARK 
  RECTANGLE  0.59990     x 0.35000       0.000 NO     DARK 
  RECTANGLE  0.59990     x 0.35000      90.000 NO     DARK 
  RECTANGLE  0.59990     x 0.80010       0.000 NO     DARK 
  RECTANGLE  0.64010     x 1.02010       0.000 NO     DARK 
  RECTANGLE  0.65000     x 0.70000      90.000 NO     DARK 
  RECTANGLE  0.80010     x 1.80010       0.000 NO     DARK 
  RECTANGLE  0.87500     x 1.89990       0.000 NO     DARK 
  RECTANGLE  0.89990     x 0.80010       0.000 NO     DARK 
  RECTANGLE  0.89990     x 0.80010      90.000 NO     DARK 
  RECTANGLE  0.95000     x 0.95000       0.000 NO     DARK 
  RECTANGLE  0.95000     x 0.95000      90.000 NO     DARK 
  RECTANGLE  0.95000     x 1.45010       0.000 NO     DARK 
  RECTANGLE  0.95000     x 1.45010      90.000 NO     DARK 
  RECTANGLE  1.00000     x 1.19990       0.000 NO     DARK 
  RECTANGLE  1.00000     x 1.80010      90.000 NO     DARK 
  RECTANGLE  1.10010     x 1.24990       0.000 NO     DARK 
  RECTANGLE  1.10010     x 1.24990      90.000 NO     DARK 
  RECTANGLE  1.30000     x 1.10010       0.000 NO     DARK 
  RECTANGLE  1.42490     x 1.54990       0.000 NO     DARK 
  RECTANGLE  1.45010     x 1.75010      90.000 NO     DARK 
  RECTANGLE  1.54990     x 1.80010      90.000 NO     DARK 
  RECTANGLE  2.75010     x 1.00000       0.000 NO     DARK 
  OBLONG     2.10010     x 1.40000      90.000 NO     DARK 
  PAD SHAPE  ROUNDED_RECTANGLE ,500.00  90.000 NO     DARK 
  PAD SHAPE  ROUNDED_RECTANGLE ,500.00  90.000 NO     DARK 
  PAD SHAPE  ROUNDED_RECTANGLE ,500.00  90.000 NO     DARK 
  PAD SHAPE  ROUNDED_RECTANGLE ,500.00 180.000 NO     DARK 
  PAD SHAPE  ROUNDED_RECTANGLE ,500.00 180.000 NO     DARK 

     FILMMASK_TOP created with warnings


================================================================
     PROCESSING FILM < FILMMASK_BOTTOM >
     TO FILE < C:/Temp/Motion_Detector/allegro/FILMMASK_BOTTOM.art > ...
================================================================

  FILM PARAMETERS :
  ---------------------------------------------------------
  Undefined line width                0.0100
  Mirror code                         NONE
  Rotate angle                        NONE
  Offset x:                           0.0000
  Offset y:                           0.0000
  Plot negative                       NO
  Suppress unconnected internal pads  NO
  Draw holes only                     NO



  APERTURES USED:
  ---------------------------------------------------------
  TYPE       SIZE/NAME                   ROT   MIRROR MODE 
  ---------------------------------------------------------
  CIRCLE     0.01000                                  DARK 

     FILMMASK_BOTTOM created with warnings


------------------------------------------------------
 SUMMARY:
        TOP created with warnings
        BOTTOM created with warnings
        OUTLINE created with warnings
        SOLDERMASK_TOP created with warnings
        SOLDERMASK_BOTTOM created with warnings
        SILK_TOP created with warnings
        SILK_BOTTOM created with warnings
        PASTEMASK_TOP created with warnings
        PASTEMASK_BOTTOM created with warnings
        FILMMASK_TOP created with warnings
        FILMMASK_BOTTOM created with warnings

 ARTWORK had warnings
